 Fermi distribution function
 
 Calculation with static geometry
 

********************************************************************************
  iSCC Total electronic   Diff electronic      SCC error    
    9   -0.23475875E+02   -0.38703263E-10    0.29416414E-05
********************************************************************************
 
 Coordinates of moved atoms (au):
    1      2.22276563      0.00000000     -0.37794520
    2      0.69899264      2.04660537     -0.37794520
    3      1.62630763      3.87219406     -0.37794520
    4     -1.87278837     -1.30729921     -0.37794520
    5     -3.47459382     -2.57950621     -0.37794520
    6     -1.87278837      1.30729921     -0.37794520
    7     -3.47459382      2.57950621     -0.37794520
    8      0.69899264     -2.04660537     -0.37794520
    9      1.62630763     -3.87219406     -0.37794520
   10     -2.19444430      0.00000000      5.48020537
   11     -0.65641333      2.06904965      5.48020537
   12     -1.60713070      3.87352065      5.48020537
   13      1.81406892     -1.35661728      5.48020537
   14      3.43899894     -2.59505865      5.48020537
   15      1.81406892      1.35661728      5.48020537
   16      3.43899894      2.59505865      5.48020537
   17     -0.65641333     -2.06904965      5.48020537
   18     -1.60713070     -3.87352065      5.48020537
 

 Net atomic charges (e)
  Atom       Net charge
     1      -0.11301977
     2       0.05160766
     3       0.07493494
     4      -0.15776766
     5       0.08750377
     6      -0.15776766
     7       0.08750377
     8       0.05160766
     9       0.07493494
    10      -0.15490584
    11       0.08531858
    12       0.07350658
    13      -0.16865466
    14       0.08751360
    15      -0.16865466
    16       0.08751360
    17       0.08531858
    18       0.07350658
 
 COMPONENT = q
  
 Eigenvalues /H
   -0.91253195
   -0.90516839
   -0.64003260
   -0.63790643
   -0.59738338
   -0.59004290
   -0.47016271
   -0.46694617
   -0.46229394
   -0.45851381
   -0.40255103
   -0.39921399
   -0.38043137
   -0.36153340
   -0.34827292
   -0.34530340
   -0.31330625
   -0.31062633
   -0.30560840
   -0.30096662
   -0.29546818
   -0.29442613
   -0.24945227
   -0.24197833
   -0.21830362
   -0.18941056
   -0.02541904
   -0.01408810
    0.03009116
    0.04382610
    0.35185967
    0.35968938
    0.36177587
    0.39754379
    0.45393698
    0.45912101
    0.47277368
    0.48293559
    0.53703481
    0.55788578
    0.61159313
    0.64397810
    0.70997645
    0.72412280
    0.79645111
    0.93810956
    1.14072947
    1.21342353
 
 Eigenvalues /eV
  -24.83125789
  -24.63088512
  -17.41617313
  -17.35831715
  -16.25562877
  -16.05588426
  -12.79377830
  -12.70625167
  -12.57965816
  -12.47679546
  -10.95397072
  -10.86316551
  -10.35206440
   -9.83782435
   -9.47698834
   -9.39618368
   -8.52549678
   -8.45257249
   -8.31602774
   -8.18971851
   -8.04009834
   -8.01174271
   -6.78794168
   -6.58456537
   -5.94034380
   -5.15412353
   -0.69168735
   -0.38335679
    0.81882200
    1.19256893
    9.57458889
    9.78764595
    9.84442218
   10.81771702
   12.35225374
   12.49331837
   12.86482630
   13.14134600
   14.61346079
   15.18084451
   16.64229583
   17.52353571
   19.31944216
   19.70438385
   21.67253751
   25.52725988
   31.04082819
   33.01893432
 
 Fillings
     2.00000
     2.00000
     2.00000
     2.00000
     2.00000
     2.00000
     2.00000
     2.00000
     2.00000
     2.00000
     2.00000
     2.00000
     2.00000
     2.00000
     2.00000
     2.00000
     2.00000
     2.00000
     2.00000
     2.00000
     2.00000
     2.00000
     2.00000
     2.00000
     2.00000
     2.00000
     0.00000
     0.00000
     0.00000
     0.00000
     0.00000
     0.00000
     0.00000
     0.00000
     0.00000
     0.00000
     0.00000
     0.00000
     0.00000
     0.00000
     0.00000
     0.00000
     0.00000
     0.00000
     0.00000
     0.00000
     0.00000
     0.00000
 
 Nr. of electrons (up):     52.00000000
 Atom populations (up)
  Atom       Population
     1       6.11301977
     2       3.94839234
     3       0.92506506
     4       4.15776766
     5       0.91249623
     6       4.15776766
     7       0.91249623
     8       3.94839234
     9       0.92506506
    10       6.15490584
    11       3.91468142
    12       0.92649342
    13       4.16865466
    14       0.91248640
    15       4.16865466
    16       0.91248640
    17       3.91468142
    18       0.92649342
 
 l-shell populations (up)
  Atom Sh.   l       Population
     1   1   0       1.70692501
     1   2   1       4.40609476
     2   1   0       1.18714270
     2   2   1       2.76124964
     3   1   0       0.92506506
     4   1   0       1.22280401
     4   2   1       2.93496365
     5   1   0       0.91249623
     6   1   0       1.22280401
     6   2   1       2.93496365
     7   1   0       0.91249623
     8   1   0       1.18714270
     8   2   1       2.76124964
     9   1   0       0.92506506
    10   1   0       1.71425779
    10   2   1       4.44064805
    11   1   0       1.17613323
    11   2   1       2.73854820
    12   1   0       0.92649342
    13   1   0       1.22275457
    13   2   1       2.94590009
    14   1   0       0.91248640
    15   1   0       1.22275457
    15   2   1       2.94590009
    16   1   0       0.91248640
    17   1   0       1.17613323
    17   2   1       2.73854820
    18   1   0       0.92649342
 
 Orbital populations (up)
  Atom Sh.   l   m       Population
     1   1   0   0       1.70692501
     1   2   1  -1       1.17230065
     1   2   1   0       1.58712039
     1   2   1   1       1.64667371
     2   1   0   0       1.18714270
     2   2   1  -1       0.81100546
     2   2   1   0       1.10592217
     2   2   1   1       0.84432201
     3   1   0   0       0.92506506
     4   1   0   0       1.22280401
     4   2   1  -1       0.92397776
     4   2   1   0       1.10082388
     4   2   1   1       0.91016202
     5   1   0   0       0.91249623
     6   1   0   0       1.22280401
     6   2   1  -1       0.92397776
     6   2   1   0       1.10082388
     6   2   1   1       0.91016202
     7   1   0   0       0.91249623
     8   1   0   0       1.18714270
     8   2   1  -1       0.81100546
     8   2   1   0       1.10592217
     8   2   1   1       0.84432201
     9   1   0   0       0.92506506
    10   1   0   0       1.71425779
    10   2   1  -1       1.16485335
    10   2   1   0       1.63027091
    10   2   1   1       1.64552378
    11   1   0   0       1.17613323
    11   2   1  -1       0.81195921
    11   2   1   0       1.07528056
    11   2   1   1       0.85130843
    12   1   0   0       0.92649342
    13   1   0   0       1.22275457
    13   2   1  -1       0.91675107
    13   2   1   0       1.10942742
    13   2   1   1       0.91972161
    14   1   0   0       0.91248640
    15   1   0   0       1.22275457
    15   2   1  -1       0.91675107
    15   2   1   0       1.10942742
    15   2   1   1       0.91972161
    16   1   0   0       0.91248640
    17   1   0   0       1.17613323
    17   2   1  -1       0.81195921
    17   2   1   0       1.07528056
    17   2   1   1       0.85130843
    18   1   0   0       0.92649342
 
 Fermi energy:                      -0.1177986467 H           -3.2055 eV
 Band energy:                      -22.1956701881 H         -603.9749 eV
 TS:                                 0.0000000000 H            0.0000 eV
 Band free energy (E-TS):          -22.1956701881 H         -603.9749 eV
 Extrapolated E(0K):               -22.1956701881 H         -603.9749 eV
 Input/Output electrons (q):     52.00000000     52.00000000
 
 Energy H0:                        -23.4874276047 H         -639.1254 eV
 Energy SCC:                         0.0115521342 H            0.3143 eV
 Total Electronic energy:          -23.4758754705 H         -638.8111 eV
 Repulsive energy:                   0.2315281817 H            6.3002 eV
 Total energy:                     -23.2443472888 H         -632.5109 eV
 Total Mermin free energy:         -23.2443472888 H         -632.5109 eV
 
 SCC converged
 
 Full geometry written in geo_end.{xyz|gen}
 
 Total Forces
 -3.081188032035859E-002 -1.853308088592409E-016 -1.554837345325326E-003
 -2.087727891868978E-002 -1.135197814679240E-002 -1.702005574086504E-003
 -8.042836753127600E-004  2.542318611178873E-003 -3.184153048351913E-005
  3.744195495003728E-002 -4.034401852815420E-002 -1.640948487852053E-003
 -3.859473721992829E-004  8.454208296274773E-004  1.906865029922055E-005
  3.744195495003713E-002  4.034401852815411E-002 -1.640948487852167E-003
 -3.859473721993800E-004 -8.454208296272692E-004  1.906865029909906E-005
 -2.087727891868937E-002  1.135197814679230E-002 -1.702005574086607E-003
 -8.042836753128432E-004 -2.542318611178720E-003 -3.184153048354565E-005
  2.206904501174090E-002 -1.423557452473467E-016  1.595153645425856E-003
 -2.123398685143533E-002 -1.147201277509530E-002  1.653340326521005E-003
  4.561779992424964E-004  4.847072270596220E-003  1.691041669936391E-005
  8.905066209476675E-003  7.704220521619494E-003  1.672234359487004E-003
  8.697153131888152E-004  1.901549797974494E-005 -6.916310634609682E-006
  8.905066209477258E-003 -7.704220521619645E-003  1.672234359486905E-003
  8.697153131889818E-004 -1.901549797957841E-005 -6.916310634651803E-006
 -2.123398685143488E-002  1.147201277509521E-002  1.653340326521165E-003
  4.561779992425519E-004 -4.847072270595970E-003  1.691041669936382E-005
 
 Maximal derivative component:       0.403440E-01 au
 Max force for moved atoms::         0.403440E-01 au
 
 Dipole moment  :    0.02918593    0.00000000    0.00270849 au
 Dipole moment  :    0.07418325    0.00000000    0.00688428 Debye
 
 Geometry converged
 
